2025-12-31 15:38:45,780 - __main__ - INFO - Cleanup manager initialized:
2025-12-31 15:38:45,781 - __main__ - INFO -   Base directory: /home/tswetnam/github/eemt/web-interface
2025-12-31 15:38:45,781 - __main__ - INFO -   Success retention: 7 days
2025-12-31 15:38:45,781 - __main__ - INFO -   Failed retention: 12 hours
2025-12-31 15:38:45,781 - __main__ - INFO -   Dry run mode: True
2025-12-31 15:38:45,781 - __main__ - INFO - Starting EEMT job data cleanup process
2025-12-31 15:38:45,781 - __main__ - INFO - === DRY RUN MODE - NO CHANGES WILL BE MADE ===
2025-12-31 15:38:45,781 - __main__ - INFO - Cleanup cutoff times:
2025-12-31 15:38:45,781 - __main__ - INFO -   Successful jobs completed before: 2025-12-24 15:38:45.781420
2025-12-31 15:38:45,781 - __main__ - INFO -   Failed jobs completed before: 2025-12-31 03:38:45.781420
2025-12-31 15:38:45,781 - __main__ - INFO - Found 0 successful jobs for data cleanup
2025-12-31 15:38:45,781 - __main__ - INFO - Found 0 failed jobs for complete deletion
2025-12-31 15:38:45,781 - __main__ - INFO - === CLEANUP SUMMARY ===
2025-12-31 15:38:45,782 - __main__ - INFO - Successful jobs processed: 0
2025-12-31 15:38:45,782 - __main__ - INFO - Failed jobs processed: 0
2025-12-31 15:38:45,782 - __main__ - INFO - Total disk space freed: 0.0 MB
2025-12-31 15:38:45,782 - __main__ - INFO - Job configs preserved: 0
2025-12-31 15:38:45,782 - __main__ - INFO - Job configs deleted: 0
2025-12-31 15:38:45,782 - __main__ - INFO - Errors encountered: 0
2025-12-31 15:38:45,782 - __main__ - INFO - Cleanup summary saved to: /home/tswetnam/github/eemt/web-interface/cleanup_summary_20251231_153845.json
2025-12-31 15:38:45,782 - __main__ - INFO - Cleanup completed successfully
2025-12-31 15:43:19,750 - __main__ - INFO - Cleanup manager initialized:
2025-12-31 15:43:19,751 - __main__ - INFO -   Base directory: /home/tswetnam/github/eemt/web-interface
2025-12-31 15:43:19,751 - __main__ - INFO -   Success retention: 1 days
2025-12-31 15:43:19,751 - __main__ - INFO -   Failed retention: 1 hours
2025-12-31 15:43:19,751 - __main__ - INFO -   Dry run mode: True
2025-12-31 15:43:19,751 - __main__ - INFO - Starting EEMT job data cleanup process
2025-12-31 15:43:19,751 - __main__ - INFO - === DRY RUN MODE - NO CHANGES WILL BE MADE ===
2025-12-31 15:43:19,751 - __main__ - INFO - Cleanup cutoff times:
2025-12-31 15:43:19,751 - __main__ - INFO -   Successful jobs completed before: 2025-12-30 15:43:19.751396
2025-12-31 15:43:19,751 - __main__ - INFO -   Failed jobs completed before: 2025-12-31 14:43:19.751396
2025-12-31 15:43:19,751 - __main__ - INFO - Found 0 successful jobs for data cleanup
2025-12-31 15:43:19,751 - __main__ - INFO - Found 0 failed jobs for complete deletion
2025-12-31 15:43:19,751 - __main__ - INFO - === CLEANUP SUMMARY ===
2025-12-31 15:43:19,751 - __main__ - INFO - Successful jobs processed: 0
2025-12-31 15:43:19,751 - __main__ - INFO - Failed jobs processed: 0
2025-12-31 15:43:19,751 - __main__ - INFO - Total disk space freed: 0.0 MB
2025-12-31 15:43:19,751 - __main__ - INFO - Job configs preserved: 0
2025-12-31 15:43:19,752 - __main__ - INFO - Job configs deleted: 0
2025-12-31 15:43:19,752 - __main__ - INFO - Errors encountered: 0
2025-12-31 15:43:19,752 - __main__ - INFO - Cleanup summary saved to: /home/tswetnam/github/eemt/web-interface/cleanup_summary_20251231_154319.json
2025-12-31 15:43:19,752 - __main__ - INFO - Cleanup completed successfully
2026-01-01 02:00:01,191 - __main__ - INFO - Cleanup manager initialized:
2026-01-01 02:00:01,191 - __main__ - INFO - Cleanup manager initialized:
2026-01-01 02:00:01,191 - __main__ - INFO -   Base directory: /home/tswetnam/github/eemt/web-interface
2026-01-01 02:00:01,191 - __main__ - INFO -   Base directory: /home/tswetnam/github/eemt/web-interface
2026-01-01 02:00:01,191 - __main__ - INFO -   Success retention: 7 days
2026-01-01 02:00:01,191 - __main__ - INFO -   Success retention: 7 days
2026-01-01 02:00:01,191 - __main__ - INFO -   Failed retention: 12 hours
2026-01-01 02:00:01,191 - __main__ - INFO -   Failed retention: 12 hours
2026-01-01 02:00:01,191 - __main__ - INFO -   Dry run mode: False
2026-01-01 02:00:01,191 - __main__ - INFO -   Dry run mode: False
2026-01-01 02:00:01,191 - __main__ - INFO - Starting EEMT job data cleanup process
2026-01-01 02:00:01,191 - __main__ - INFO - Starting EEMT job data cleanup process
2026-01-01 02:00:01,191 - __main__ - INFO - Cleanup cutoff times:
2026-01-01 02:00:01,191 - __main__ - INFO - Cleanup cutoff times:
2026-01-01 02:00:01,192 - __main__ - INFO -   Successful jobs completed before: 2025-12-25 02:00:01.191939
2026-01-01 02:00:01,192 - __main__ - INFO -   Successful jobs completed before: 2025-12-25 02:00:01.191939
2026-01-01 02:00:01,192 - __main__ - INFO -   Failed jobs completed before: 2025-12-31 14:00:01.191939
2026-01-01 02:00:01,192 - __main__ - INFO -   Failed jobs completed before: 2025-12-31 14:00:01.191939
2026-01-01 02:00:01,192 - __main__ - INFO - Found 0 successful jobs for data cleanup
2026-01-01 02:00:01,192 - __main__ - INFO - Found 0 successful jobs for data cleanup
2026-01-01 02:00:01,192 - __main__ - INFO - Found 0 failed jobs for complete deletion
2026-01-01 02:00:01,192 - __main__ - INFO - Found 0 failed jobs for complete deletion
2026-01-01 02:00:01,192 - __main__ - INFO - === CLEANUP SUMMARY ===
2026-01-01 02:00:01,192 - __main__ - INFO - === CLEANUP SUMMARY ===
2026-01-01 02:00:01,192 - __main__ - INFO - Successful jobs processed: 0
2026-01-01 02:00:01,192 - __main__ - INFO - Successful jobs processed: 0
2026-01-01 02:00:01,192 - __main__ - INFO - Failed jobs processed: 0
2026-01-01 02:00:01,192 - __main__ - INFO - Failed jobs processed: 0
2026-01-01 02:00:01,192 - __main__ - INFO - Total disk space freed: 0.0 MB
2026-01-01 02:00:01,192 - __main__ - INFO - Total disk space freed: 0.0 MB
2026-01-01 02:00:01,192 - __main__ - INFO - Job configs preserved: 0
2026-01-01 02:00:01,192 - __main__ - INFO - Job configs preserved: 0
2026-01-01 02:00:01,192 - __main__ - INFO - Job configs deleted: 0
2026-01-01 02:00:01,192 - __main__ - INFO - Job configs deleted: 0
2026-01-01 02:00:01,192 - __main__ - INFO - Errors encountered: 0
2026-01-01 02:00:01,192 - __main__ - INFO - Errors encountered: 0
2026-01-01 02:00:01,192 - __main__ - INFO - Cleanup summary saved to: /home/tswetnam/github/eemt/web-interface/cleanup_summary_20260101_020001.json
2026-01-01 02:00:01,192 - __main__ - INFO - Cleanup summary saved to: /home/tswetnam/github/eemt/web-interface/cleanup_summary_20260101_020001.json
2026-01-01 02:00:01,192 - __main__ - INFO - Cleanup completed successfully
2026-01-01 02:00:01,192 - __main__ - INFO - Cleanup completed successfully
