2026-01-01 08:26:57,783 - cleanup_jobs - INFO - Cleanup manager initialized:
2026-01-01 08:26:57,783 - cleanup_jobs - INFO -   Base directory: web-interface
2026-01-01 08:26:57,783 - cleanup_jobs - INFO -   Success retention: 7 days
2026-01-01 08:26:57,783 - cleanup_jobs - INFO -   Failed retention: 12 hours
2026-01-01 08:26:57,783 - cleanup_jobs - INFO -   Dry run mode: True
2026-01-01 08:26:57,784 - cleanup_jobs - INFO - Cleanup cutoff times:
2026-01-01 08:26:57,784 - cleanup_jobs - INFO -   Successful jobs completed before: 2025-12-25 08:26:57.784129
2026-01-01 08:26:57,784 - cleanup_jobs - INFO -   Failed jobs completed before: 2025-12-31 20:26:57.784129
2026-01-01 08:26:57,784 - cleanup_jobs - INFO - Found 0 successful jobs for data cleanup
2026-01-01 08:26:57,784 - cleanup_jobs - INFO - Found 0 failed jobs for complete deletion
2026-01-01 08:34:57,368 - __main__ - INFO - Cleanup manager initialized:
2026-01-01 08:34:57,368 - __main__ - INFO -   Base directory: /home/tswetnam/github/eemt/web-interface
2026-01-01 08:34:57,368 - __main__ - INFO -   Success retention: 14 days
2026-01-01 08:34:57,369 - __main__ - INFO -   Failed retention: 6 hours
2026-01-01 08:34:57,369 - __main__ - INFO -   Dry run mode: True
2026-01-01 08:34:57,369 - __main__ - INFO - Starting EEMT job data cleanup process
2026-01-01 08:34:57,369 - __main__ - INFO - === DRY RUN MODE - NO CHANGES WILL BE MADE ===
2026-01-01 08:34:57,369 - __main__ - INFO - Cleanup cutoff times:
2026-01-01 08:34:57,369 - __main__ - INFO -   Successful jobs completed before: 2025-12-18 08:34:57.369315
2026-01-01 08:34:57,369 - __main__ - INFO -   Failed jobs completed before: 2026-01-01 02:34:57.369315
2026-01-01 08:34:57,369 - __main__ - INFO - Found 0 successful jobs for data cleanup
2026-01-01 08:34:57,369 - __main__ - INFO - Found 0 failed jobs for complete deletion
2026-01-01 08:34:57,369 - __main__ - INFO - === CLEANUP SUMMARY ===
2026-01-01 08:34:57,369 - __main__ - INFO - Successful jobs processed: 0
2026-01-01 08:34:57,370 - __main__ - INFO - Failed jobs processed: 0
2026-01-01 08:34:57,370 - __main__ - INFO - Total disk space freed: 0.0 MB
2026-01-01 08:34:57,370 - __main__ - INFO - Job configs preserved: 0
2026-01-01 08:34:57,370 - __main__ - INFO - Job configs deleted: 0
2026-01-01 08:34:57,370 - __main__ - INFO - Errors encountered: 0
2026-01-01 08:34:57,370 - __main__ - INFO - Cleanup summary saved to: /home/tswetnam/github/eemt/web-interface/cleanup_summary_20260101_083457.json
2026-01-01 08:34:57,370 - __main__ - INFO - Cleanup completed successfully
